<?xml version="1.0" encoding="UTF-8"?>
<!-- Generated by org.testng.reporters.JUnitXMLReporter -->
<testsuite ignored="0" hostname="MacBook-Pro-de-Yohanna.local" failures="0" tests="5" name="Default test" time="36.404" errors="0" timestamp="2019-09-06T12:47:19 CLT">
  <testcase classname="scripts.iniciarSesion" name="ingresarCorreo" time="1.704"/>
  <testcase classname="scripts.iniciarSesion" name="ingresarPassword" time="1.637"/>
  <testcase classname="scripts.iniciarSesion" name="presionarBotonIngresar" time="10.127"/>
  <testcase classname="scripts.iniciarSesion" name="abrirMenuPerfil" time="5.079"/>
  <testcase classname="scripts.iniciarSesion" name="cerrarSesion" time="9.187"/>
</testsuite> <!-- Default test -->
