<?xml version="1.0" encoding="UTF-8"?>
<!-- Generated by org.testng.reporters.JUnitXMLReporter -->
<testsuite ignored="0" hostname="MacBook-Pro-de-Yohanna.local" failures="0" tests="5" name="Default test" time="5.251" errors="0" timestamp="2019-09-23T14:52:39 CLST">
  <testcase classname="scripts.iniciarSesion" name="@BeforeTest ejecutarBrowser" time="5.197">
    <skipped/>
  </testcase> <!-- @BeforeTest ejecutarBrowser -->
  <testcase classname="scripts.iniciarSesion" name="@AfterTest cerrarBrowser" time="-1.569261159203E9">
    <skipped/>
  </testcase> <!-- @AfterTest cerrarBrowser -->
  <testcase classname="scripts.iniciarSesion" name="ingresarCorreo" time="0.0">
    <skipped/>
  </testcase> <!-- ingresarCorreo -->
  <testcase classname="scripts.iniciarSesion" name="ingresarPassword" time="0.0">
    <skipped/>
  </testcase> <!-- ingresarPassword -->
  <testcase classname="scripts.iniciarSesion" name="presionarBotonIngresar" time="0.0">
    <skipped/>
  </testcase> <!-- presionarBotonIngresar -->
  <testcase classname="scripts.iniciarSesion" name="abrirMenuPerfil" time="0.0">
    <skipped/>
  </testcase> <!-- abrirMenuPerfil -->
  <testcase classname="scripts.iniciarSesion" name="cerrarSesion" time="0.0">
    <skipped/>
  </testcase> <!-- cerrarSesion -->
</testsuite> <!-- Default test -->
