<?xml version="1.0" encoding="UTF-8"?>
<testng-results ignored="0" total="5" passed="5" failed="0" skipped="0">
  <reporter-output>
  </reporter-output>
  <suite started-at="2019-09-06T12:46:42 CLT" name="Default suite" finished-at="2019-09-06T12:47:18 CLT" duration-ms="36404">
    <groups>
    </groups>
    <test started-at="2019-09-06T12:46:42 CLT" name="Default test" finished-at="2019-09-06T12:47:18 CLT" duration-ms="36404">
      <class name="scripts.iniciarSesion">
        <test-method is-config="true" signature="ejecutarBrowser()[pri:0, instance:scripts.iniciarSesion@68567e20]" started-at="2019-09-06T12:46:42 CLT" name="ejecutarBrowser" finished-at="2019-09-06T12:46:48 CLT" duration-ms="5859" status="PASS">
          <reporter-output>
          </reporter-output>
        </test-method> <!-- ejecutarBrowser -->
        <test-method signature="ingresarCorreo()[pri:1, instance:scripts.iniciarSesion@68567e20]" started-at="2019-09-06T12:46:48 CLT" name="ingresarCorreo" finished-at="2019-09-06T12:46:50 CLT" duration-ms="1704" status="PASS">
          <reporter-output>
          </reporter-output>
        </test-method> <!-- ingresarCorreo -->
        <test-method signature="ingresarPassword()[pri:2, instance:scripts.iniciarSesion@68567e20]" started-at="2019-09-06T12:46:50 CLT" name="ingresarPassword" finished-at="2019-09-06T12:46:51 CLT" duration-ms="1637" status="PASS">
          <reporter-output>
          </reporter-output>
        </test-method> <!-- ingresarPassword -->
        <test-method signature="presionarBotonIngresar()[pri:3, instance:scripts.iniciarSesion@68567e20]" started-at="2019-09-06T12:46:51 CLT" name="presionarBotonIngresar" finished-at="2019-09-06T12:47:01 CLT" duration-ms="10127" status="PASS">
          <reporter-output>
          </reporter-output>
        </test-method> <!-- presionarBotonIngresar -->
        <test-method signature="abrirMenuPerfil()[pri:4, instance:scripts.iniciarSesion@68567e20]" started-at="2019-09-06T12:47:01 CLT" name="abrirMenuPerfil" finished-at="2019-09-06T12:47:06 CLT" duration-ms="5079" status="PASS">
          <reporter-output>
          </reporter-output>
        </test-method> <!-- abrirMenuPerfil -->
        <test-method signature="cerrarSesion()[pri:5, instance:scripts.iniciarSesion@68567e20]" started-at="2019-09-06T12:47:06 CLT" name="cerrarSesion" finished-at="2019-09-06T12:47:16 CLT" duration-ms="9187" status="PASS">
          <reporter-output>
          </reporter-output>
        </test-method> <!-- cerrarSesion -->
        <test-method is-config="true" signature="cerrarBrowser()[pri:0, instance:scripts.iniciarSesion@68567e20]" started-at="2019-09-06T12:47:16 CLT" name="cerrarBrowser" finished-at="2019-09-06T12:47:18 CLT" duration-ms="2773" status="PASS">
          <reporter-output>
          </reporter-output>
        </test-method> <!-- cerrarBrowser -->
      </class> <!-- scripts.iniciarSesion -->
    </test> <!-- Default test -->
  </suite> <!-- Default suite -->
</testng-results>
